0 info it worked if it ends with ok
1 verbose cli [ 'E:\\programfiles\\nodejs\\node.exe',
1 verbose cli   'E:\\programfiles\\nodejs\\node_modules\\npm\\bin\\npm-cli.js',
1 verbose cli   'start' ]
2 info using npm@3.10.10
3 info using node@v6.11.1
4 verbose run-script [ 'prestart', 'start', 'poststart' ]
5 info lifecycle 11-webpack@1.0.0~prestart: 11-webpack@1.0.0
6 silly lifecycle 11-webpack@1.0.0~prestart: no script for prestart, continuing
7 info lifecycle 11-webpack@1.0.0~start: 11-webpack@1.0.0
8 verbose lifecycle 11-webpack@1.0.0~start: unsafe-perm in lifecycle true
9 verbose lifecycle 11-webpack@1.0.0~start: PATH: E:\programfiles\nodejs\node_modules\npm\bin\node-gyp-bin;E:\02-owncode\11-webpack\node_modules\.bin;C:\Users\wenzhd\bin;E:\programfiles\Git\mingw64\bin;E:\programfiles\Git\usr\local\bin;E:\programfiles\Git\usr\bin;E:\programfiles\Git\usr\bin;E:\programfiles\Git\mingw64\bin;E:\programfiles\Git\usr\bin;C:\Users\wenzhd\bin;C:\Windows\system32;C:\Windows;C:\Windows\System32\Wbem;C:\Windows\System32\WindowsPowerShell\v1.0;C:\Program Files\Intel\WiFi\bin;C:\Program Files\Common Files\Intel\WirelessCommon;C:\Program Files\Lenovo\Fingerprint Manager Pro;C:\Program Files\TortoiseSVN\bin;E:\dev\maven\apache-maven-3.5.0\bin;C:\Program Files\Java\jdk1.7.0_09\bin;C:\Program Files\Java\jdk1.7.0_09\jre\bin;C:\Program Files\MySQL\MySQL Utilities 1.6;E:\programfiles\Git\cmd;E:\02-owncode\springbootcli\spring-1.5.4.RELEASE\bin;E:\programfiles\nodejs;E:\programfiles\nodejs;C:\Users\wenzhd\AppData\Roaming\npm;E:\programfiles\Git\usr\bin\vendor_perl;E:\programfiles\Git\usr\bin\core_perl
10 verbose lifecycle 11-webpack@1.0.0~start: CWD: E:\02-owncode\11-webpack
11 silly lifecycle 11-webpack@1.0.0~start: Args: [ '/d /s /c', 'webpack' ]
12 silly lifecycle 11-webpack@1.0.0~start: Returned: code: 1  signal: null
13 info lifecycle 11-webpack@1.0.0~start: Failed to exec start script
14 verbose stack Error: 11-webpack@1.0.0 start: `webpack`
14 verbose stack Exit status 1
14 verbose stack     at EventEmitter.<anonymous> (E:\programfiles\nodejs\node_modules\npm\lib\utils\lifecycle.js:255:16)
14 verbose stack     at emitTwo (events.js:106:13)
14 verbose stack     at EventEmitter.emit (events.js:191:7)
14 verbose stack     at ChildProcess.<anonymous> (E:\programfiles\nodejs\node_modules\npm\lib\utils\spawn.js:40:14)
14 verbose stack     at emitTwo (events.js:106:13)
14 verbose stack     at ChildProcess.emit (events.js:191:7)
14 verbose stack     at maybeClose (internal/child_process.js:891:16)
14 verbose stack     at Process.ChildProcess._handle.onexit (internal/child_process.js:226:5)
15 verbose pkgid 11-webpack@1.0.0
16 verbose cwd E:\02-owncode\11-webpack
17 error Windows_NT 6.1.7601
18 error argv "E:\\programfiles\\nodejs\\node.exe" "E:\\programfiles\\nodejs\\node_modules\\npm\\bin\\npm-cli.js" "start"
19 error node v6.11.1
20 error npm  v3.10.10
21 error code ELIFECYCLE
22 error 11-webpack@1.0.0 start: `webpack`
22 error Exit status 1
23 error Failed at the 11-webpack@1.0.0 start script 'webpack'.
23 error Make sure you have the latest version of node.js and npm installed.
23 error If you do, this is most likely a problem with the 11-webpack package,
23 error not with npm itself.
23 error Tell the author that this fails on your system:
23 error     webpack
23 error You can get information on how to open an issue for this project with:
23 error     npm bugs 11-webpack
23 error Or if that isn't available, you can get their info via:
23 error     npm owner ls 11-webpack
23 error There is likely additional logging output above.
24 verbose exit [ 1, true ]
